<?xml version="1.0" encoding="utf-8" standalone="no"?>
<!--This file represents the results of running a test suite-->
<test-results name="C:\Users\Owen\Documents\GitHub\MyoSim\MyoSimulatorForm\MyoSimGuiTest.Test\MyoSimGuiTest.Test.csproj" total="1" errors="0" failures="0" not-run="0" inconclusive="0" ignored="0" skipped="0" invalid="0" date="2014-11-25" time="15:45:40">
  <environment nunit-version="2.6.3.13283" clr-version="2.0.50727.5485" os-version="Microsoft Windows NT 6.1.7601 Service Pack 1" platform="Win32NT" cwd="C:\Program Files (x86)\NUnit 2.6.3\bin" machine-name="OWEN-PC" user="Owen" user-domain="Owen-PC" />
  <culture-info current-culture="en-US" current-uiculture="en-US" />
  <test-suite type="Project" name="C:\Users\Owen\Documents\GitHub\MyoSim\MyoSimulatorForm\MyoSimGuiTest.Test\MyoSimGuiTest.Test.csproj" executed="True" result="Success" success="True" time="0.001" asserts="0">
    <results>
      <test-suite type="Assembly" name="C:\Users\Owen\Documents\GitHub\MyoSim\MyoSimulatorForm\MyoSimGuiTest.Test\bin\Debug\MyoSimGuiTest.Test.dll" executed="True" result="Success" success="True" time="0.001" asserts="0">
        <results>
          <test-suite type="Namespace" name="MyoSimGuiTest" executed="True" result="Success" success="True" time="0.001" asserts="0">
            <results>
              <test-suite type="Namespace" name="Test" executed="True" result="Success" success="True" time="0.001" asserts="0">
                <results>
                  <test-suite type="TestFixture" name="MyoSimTest" executed="True" result="Success" success="True" time="0.001" asserts="0">
                    <results>
                      <test-case name="MyoSimGuiTest.Test.MyoSimTest.testpass" executed="True" result="Success" success="True" time="0.000" asserts="0" />
                    </results>
                  </test-suite>
                </results>
              </test-suite>
            </results>
          </test-suite>
        </results>
      </test-suite>
    </results>
  </test-suite>
</test-results>